IDX BOOT ID                          FIRST ENTRY                 LAST ENTRY
-52 98e8876a9e5d437199fa345fe098e5af Sat 2026-06-06 07:52:29 EDT Sat 2026-06-06 08:07:30 EDT
-51 7e595df9916a49b18b069688ea84b5f3 Sat 2026-06-06 08:07:43 EDT Sat 2026-06-06 20:25:43 EDT
-50 01871edcca634562b5dc0b44a1a31930 Sun 2026-06-07 05:20:32 EDT Sun 2026-06-07 10:26:58 EDT
-49 9e06205619d44839b11b596a201cabcd Sun 2026-06-07 10:27:10 EDT Sun 2026-06-07 19:40:12 EDT
-48 e3410e5090524b918b4863c0ad21760e Sun 2026-06-07 19:40:23 EDT Sun 2026-06-07 20:25:03 EDT
-47 7cae86f3efd342daa4fc393de19501e3 Mon 2026-06-08 05:20:18 EDT Mon 2026-06-08 06:23:10 EDT
-46 3387eca5a64741f18d7f7b68a4333639 Mon 2026-06-08 06:23:22 EDT Mon 2026-06-08 06:28:54 EDT
-45 c201455da72c40c1a63f9df9db2e7c7e Mon 2026-06-08 06:29:05 EDT Mon 2026-06-08 06:34:37 EDT
-44 47a460c37f4e4b01b68f34ef2a3c78d7 Mon 2026-06-08 06:34:49 EDT Mon 2026-06-08 10:47:27 EDT
-43 18447285151d4f22890ffdc293549e8a Mon 2026-06-08 11:13:20 EDT Mon 2026-06-08 11:19:35 EDT
-42 c4bf0094a3d444c9914725b5a7b1afa0 Mon 2026-06-08 11:26:51 EDT Mon 2026-06-08 11:32:20 EDT
-41 a051f892abed4f51bed547e7344818b9 Mon 2026-06-08 11:33:08 EDT Mon 2026-06-08 11:37:10 EDT
-40 5eaaa7bad24f44cdaeccb3c8ca0c697d Mon 2026-06-08 11:57:33 EDT Mon 2026-06-08 13:01:23 EDT
-39 b5e9f1908c6944c0b468a1deaa4e614a Mon 2026-06-08 13:01:35 EDT Mon 2026-06-08 13:10:31 EDT
-38 abe2661a45c245e8bf63076a8193f78c Mon 2026-06-08 13:11:08 EDT Mon 2026-06-08 20:25:20 EDT
-37 0495ef0afdff4ba8962b2495cd131529 Tue 2026-06-09 05:20:08 EDT Tue 2026-06-09 11:05:03 EDT
-36 256f2bca02af41a99d7e99541e0e55f0 Tue 2026-06-09 11:07:30 EDT Tue 2026-06-09 20:26:13 EDT
-35 35b40ab1dfee473babcae0b8146fca9f Wed 2026-06-10 05:19:59 EDT Wed 2026-06-10 06:46:49 EDT
-34 8fc3dbb22f624405be214d142c8be2b4 Wed 2026-06-10 06:47:02 EDT Wed 2026-06-10 10:27:21 EDT
-33 cd0b2ff0d301423483145fe11d9685aa Wed 2026-06-10 10:29:15 EDT Wed 2026-06-10 10:42:38 EDT
-32 c09f77ec387a4d3ea287385181929d49 Wed 2026-06-10 10:43:36 EDT Wed 2026-06-10 12:06:17 EDT
-31 1e04748e05c2458c8b967f427a6f8145 Wed 2026-06-10 12:08:24 EDT Wed 2026-06-10 20:26:39 EDT
-30 1e0548f7f2ae441e9f392b14627b3f84 Thu 2026-06-11 05:19:52 EDT Thu 2026-06-11 20:27:18 EDT
-29 9217c9f80e4d40c5ab06871057bae819 Fri 2026-06-12 05:19:47 EDT Fri 2026-06-12 13:34:27 EDT
-28 6a0a1adff1fa45e6ae06df701559de94 Sat 2026-06-13 13:14:05 EDT Sat 2026-06-13 14:38:17 EDT
-27 066a90b7cd784f6bb25b3d804da2c9f8 Sat 2026-06-13 14:38:30 EDT Sat 2026-06-13 14:41:44 EDT
-26 f7fa462757ac4dbfafd67e6e7acb6a1e Sat 2026-06-13 14:43:34 EDT Sat 2026-06-13 20:27:56 EDT
-25 196c55dd436c4946a1bfb67687eeaff3 Sun 2026-06-14 05:19:43 EDT Sun 2026-06-14 10:23:24 EDT
-24 461cc53762b84a858aa0b8f0946944eb Sun 2026-06-14 11:26:47 EDT Sun 2026-06-14 20:28:42 EDT
-23 97c1abc8ce4142e58fe4852eabc1b84f Mon 2026-06-15 05:19:44 EDT Mon 2026-06-15 20:28:47 EDT
-22 64ee66092543454f9ad3abae3e23e7e9 Tue 2026-06-16 05:19:47 EDT Tue 2026-06-16 07:59:05 EDT
-21 72d3558aa8574ff4b65b8d5589ad3cd7 Tue 2026-06-16 08:26:36 EDT Tue 2026-06-16 20:30:28 EDT
-20 b201a54c06fe4520ba02c114fe734967 Wed 2026-06-17 05:19:51 EDT Wed 2026-06-17 20:29:43 EDT
-19 c3bf73654ca248819ba70635b770b4b6 Thu 2026-06-18 05:19:58 EDT Thu 2026-06-18 20:30:08 EDT
-18 460f2e117b6b4c788251c10e89d0228f Fri 2026-06-19 05:20:06 EDT Fri 2026-06-19 20:30:05 EDT
-17 74054e8f83d5424ea9157d16161bf77e Sat 2026-06-20 05:20:17 EDT Sat 2026-06-20 20:31:50 EDT
-16 94fabbbd67d340d8a45d1da7cc025dac Sun 2026-06-21 05:20:29 EDT Sun 2026-06-21 20:30:38 EDT
-15 0f488e247a334a259811ec2a0cd63d00 Mon 2026-06-22 05:20:43 EDT Mon 2026-06-22 20:30:44 EDT
-14 8714da94028f42e1a56107fa5dd85960 Tue 2026-06-23 05:20:59 EDT Tue 2026-06-23 20:31:05 EDT
-13 419c43bf78e6497fb0a9bdd6500824e7 Wed 2026-06-24 05:21:17 EDT Wed 2026-06-24 08:12:29 EDT
-12 9e7f7e1038a8451881029ee8b8ae3b2d Wed 2026-06-24 09:37:19 EDT Wed 2026-06-24 20:30:47 EDT
-11 3bee9c12997848e58c01a0f545397245 Thu 2026-06-25 05:21:36 EDT Thu 2026-06-25 16:23:22 EDT
-10 0532c856bdec4d7ebda60a3c2ad2e497 Fri 2026-06-26 08:29:11 EDT Fri 2026-06-26 20:31:18 EDT
 -9 204a9f6cd286417c82bdb827549f8d03 Sat 2026-06-27 05:22:20 EDT Sat 2026-06-27 16:55:15 EDT
 -8 9cf55c404b554327957f450d9c461c8b Sat 2026-06-27 16:55:28 EDT Sat 2026-06-27 17:27:48 EDT
 -7 01bc89b3e9454c48a65b1353fcb433df Sun 2026-06-28 11:20:35 EDT Sun 2026-06-28 20:31:10 EDT
 -6 3a156e364e62443aa537f778e1a6c181 Mon 2026-06-29 05:23:10 EDT Mon 2026-06-29 20:31:08 EDT
 -5 837f76d09bc1401aa92c24bf06c76ac9 Tue 2026-06-30 05:23:38 EDT Tue 2026-06-30 20:31:07 EDT
 -4 af94fb115e9e4bcf846ca197f1fdf9f9 Wed 2026-07-01 05:24:07 EDT Wed 2026-07-01 20:31:06 EDT
 -3 3c844c8a2317491bb293afa942d68319 Thu 2026-07-02 05:24:37 EDT Fri 2026-07-03 08:13:09 EDT
 -2 90f250608b6e413c9de8e11f2148b771 Tue 2026-07-07 11:19:28 EDT Tue 2026-07-07 11:26:24 EDT
 -1 7cb8146f56d84751924fb68e804cb6a3 Tue 2026-07-07 11:26:36 EDT Tue 2026-07-07 11:31:22 EDT
  0 b0368a3bda6c43328be168b174c9b9e2 Tue 2026-07-07 11:35:43 EDT Tue 2026-07-07 12:07:10 EDT
---
2026-07-02T20:28:38-04:00 hedgebuggy streamer[1904]: 2026-07-02 20:28:38,532 INFO    streamer.power: Power mode transition: AWAKE -> ENTERING_SLEEP (active=True, in_warning=True, sleep_enabled=True, dry_run=False)
2026-07-02T20:30:38-04:00 hedgebuggy streamer[1904]: 2026-07-02 20:30:38,538 INFO    streamer.power: Power mode transition: ENTERING_SLEEP -> ASLEEP (active=False, in_warning=False, sleep_enabled=True, dry_run=False)
2026-07-02T20:30:38-04:00 hedgebuggy streamer[1904]: 2026-07-02 20:30:38,539 INFO    streamer.power: Arming RTC wake for 2026-07-03T05:24:53.932428-04:00 (unix 1783070693); poweroff to follow
2026-07-02T20:30:38-04:00 hedgebuggy streamer[1904]: 2026-07-02 20:30:38,539 ERROR   streamer.power: Failed to spawn rtcwake (['sudo', '/usr/sbin/rtcwake', '-m', 'no', '-t', '1783070693'])
2026-07-02T20:30:38-04:00 hedgebuggy streamer[1904]: 2026-07-02 20:30:38,550 ERROR   streamer.power: rtcwake failed; aborting poweroff to avoid an unwakeable Pi
2026-07-03T05:25:01-04:00 hedgebuggy streamer[1904]: 2026-07-03 05:25:01,049 INFO    streamer.power: Power mode transition: ASLEEP -> AWAKE (active=True, in_warning=False, sleep_enabled=True, dry_run=False)
2026-07-03T08:12:58-04:00 hedgebuggy sudo[8510]: hedgebuggy : TTY=pts/0 ; PWD=/home/hedgebuggy ; USER=root ; COMMAND=/usr/sbin/shutdown now
2026-07-03T08:12:59-04:00 hedgebuggy tailscaled[1356]: control: client.Shutdown ...
2026-07-03T08:12:59-04:00 hedgebuggy tailscaled[1356]: control: Client.Shutdown done.
2026-07-03T08:12:59-04:00 hedgebuggy tailscaled[1356]: ipnext: work queue shutdown failed: execqueue shut down
2026-07-03T08:12:59-04:00 hedgebuggy systemd[1]: Starting plymouth-poweroff.service - Show Plymouth Power Off Screen...
2026-07-03T08:12:59-04:00 hedgebuggy systemd[1364]: Reached target shutdown.target - Shutdown.
2026-07-03T08:13:00-04:00 hedgebuggy systemd[1]: Started plymouth-poweroff.service - Show Plymouth Power Off Screen.
2026-07-03T08:13:09-04:00 hedgebuggy systemd[1]: Reached target shutdown.target - System Shutdown.
2026-07-03T08:13:09-04:00 hedgebuggy systemd[1]: Reached target final.target - Late Shutdown Services.
2026-07-03T08:13:09-04:00 hedgebuggy systemd[1]: systemd-poweroff.service: Deactivated successfully.
2026-07-03T08:13:09-04:00 hedgebuggy systemd[1]: Finished systemd-poweroff.service - System Power Off.
2026-07-03T08:13:09-04:00 hedgebuggy systemd[1]: Reached target poweroff.target - System Power Off.
2026-07-03T08:13:09-04:00 hedgebuggy systemd-shutdown[1]: Syncing filesystems and block devices.
2026-07-03T08:13:09-04:00 hedgebuggy systemd-shutdown[1]: Sending SIGTERM to remaining processes...
